!SESSION 2014-08-26 11:17:11.999 -----------------------------------------------
eclipse.buildId=unknown
java.version=1.7.0_51
java.vendor=Oracle Corporation
BootLoader constants: OS=macosx, ARCH=x86_64, WS=cocoa, NL=en_US
Command-line arguments:  -dev file:/Users/swrd/Workspaces/workspace_OsgiNeonat/.metadata/.plugins/org.eclipse.pde.core/New_configuration/dev.properties -os macosx -ws cocoa -arch x86_64 -consoleLog -console

!ENTRY org.eclipse.equinox.http.jetty 4 0 2014-08-26 11:17:12.870
!MESSAGE FrameworkEvent ERROR
!STACK 0
org.osgi.framework.BundleException: The bundle "org.eclipse.equinox.http.jetty_3.0.1.v20121109-203239 [22]" could not be resolved. Reason: Missing Constraint: Import-Package: org.eclipse.jetty.http; version="[8.0.0,9.0.0)"
	at org.eclipse.osgi.framework.internal.core.AbstractBundle.getResolverError(AbstractBundle.java:1332)
	at org.eclipse.osgi.framework.internal.core.AbstractBundle.getResolutionFailureException(AbstractBundle.java:1316)
	at org.eclipse.osgi.framework.internal.core.BundleHost.startWorker(BundleHost.java:323)
	at org.eclipse.osgi.framework.internal.core.AbstractBundle.resume(AbstractBundle.java:390)
	at org.eclipse.osgi.framework.internal.core.Framework.resumeBundle(Framework.java:1176)
	at org.eclipse.osgi.framework.internal.core.StartLevelManager.resumeBundles(StartLevelManager.java:559)
	at org.eclipse.osgi.framework.internal.core.StartLevelManager.resumeBundles(StartLevelManager.java:544)
	at org.eclipse.osgi.framework.internal.core.StartLevelManager.incFWSL(StartLevelManager.java:457)
	at org.eclipse.osgi.framework.internal.core.StartLevelManager.doSetStartLevel(StartLevelManager.java:243)
	at org.eclipse.osgi.framework.internal.core.StartLevelManager.dispatchEvent(StartLevelManager.java:438)
	at org.eclipse.osgi.framework.internal.core.StartLevelManager.dispatchEvent(StartLevelManager.java:1)
	at org.eclipse.osgi.framework.eventmgr.EventManager.dispatchEvent(EventManager.java:230)
	at org.eclipse.osgi.framework.eventmgr.EventManager$EventThread.run(EventManager.java:340)

!ENTRY org.eclipse.osgi 4 0 2014-08-26 11:17:12.874
!MESSAGE Bundle initial@reference:file:plugins/org.eclipse.equinox.http.jetty_3.0.1.v20121109-203239.jar was not resolved.

!ENTRY org.eclipse.osgi 4 0 2014-08-26 11:17:12.875
!MESSAGE Could not find bundle: org.eclipse.equinox.console
!STACK 0
org.osgi.framework.BundleException: Could not find bundle: org.eclipse.equinox.console
	at org.eclipse.osgi.framework.internal.core.ConsoleManager.checkForConsoleBundle(ConsoleManager.java:211)
	at org.eclipse.core.runtime.adaptor.EclipseStarter.startup(EclipseStarter.java:297)
	at org.eclipse.core.runtime.adaptor.EclipseStarter.run(EclipseStarter.java:176)
	at sun.reflect.NativeMethodAccessorImpl.invoke0(Native Method)
	at sun.reflect.NativeMethodAccessorImpl.invoke(NativeMethodAccessorImpl.java:57)
	at sun.reflect.DelegatingMethodAccessorImpl.invoke(DelegatingMethodAccessorImpl.java:43)
	at java.lang.reflect.Method.invoke(Method.java:606)
	at org.eclipse.equinox.launcher.Main.invokeFramework(Main.java:629)
	at org.eclipse.equinox.launcher.Main.basicRun(Main.java:584)
	at org.eclipse.equinox.launcher.Main.run(Main.java:1438)
	at org.eclipse.equinox.launcher.Main.main(Main.java:1414)

!ENTRY org.eclipse.osgi 2 0 2014-08-26 11:17:12.901
!MESSAGE One or more bundles are not resolved because the following root constraints are not resolved:
!SUBENTRY 1 org.eclipse.osgi 2 0 2014-08-26 11:17:12.902
!MESSAGE Bundle initial@reference:file:plugins/org.eclipse.equinox.http.jetty_3.0.1.v20121109-203239.jar was not resolved.
!SUBENTRY 2 org.eclipse.equinox.http.jetty 2 0 2014-08-26 11:17:12.902
!MESSAGE Missing imported package org.eclipse.jetty.io.bio_[8.0.0,9.0.0).
!SUBENTRY 2 org.eclipse.equinox.http.jetty 2 0 2014-08-26 11:17:12.903
!MESSAGE Missing imported package org.eclipse.jetty.util.log_[8.0.0,9.0.0).
!SUBENTRY 2 org.eclipse.equinox.http.jetty 2 0 2014-08-26 11:17:12.903
!MESSAGE Missing imported package org.eclipse.jetty.server.nio_[8.0.0,9.0.0).
!SUBENTRY 2 org.eclipse.equinox.http.jetty 2 0 2014-08-26 11:17:12.904
!MESSAGE Missing imported package org.eclipse.jetty.io.nio_[8.0.0,9.0.0).
!SUBENTRY 2 org.eclipse.equinox.http.jetty 2 0 2014-08-26 11:17:12.904
!MESSAGE Missing imported package org.eclipse.jetty.util_[8.0.0,9.0.0).
!SUBENTRY 2 org.eclipse.equinox.http.jetty 2 0 2014-08-26 11:17:12.904
!MESSAGE Missing imported package org.eclipse.jetty.server.bio_[8.0.0,9.0.0).
!SUBENTRY 2 org.eclipse.equinox.http.jetty 2 0 2014-08-26 11:17:12.905
!MESSAGE Missing imported package org.eclipse.jetty.server_[8.0.0,9.0.0).
!SUBENTRY 2 org.eclipse.equinox.http.jetty 2 0 2014-08-26 11:17:12.905
!MESSAGE Missing imported package org.eclipse.jetty.servlet_[8.0.0,9.0.0).
!SUBENTRY 2 org.eclipse.equinox.http.jetty 2 0 2014-08-26 11:17:12.905
!MESSAGE Missing imported package org.eclipse.jetty.server.ssl_[8.0.0,9.0.0).
!SUBENTRY 2 org.eclipse.equinox.http.jetty 2 0 2014-08-26 11:17:12.906
!MESSAGE Missing imported package org.eclipse.jetty.util.component_[8.0.0,9.0.0).
!SUBENTRY 2 org.eclipse.equinox.http.jetty 2 0 2014-08-26 11:17:12.906
!MESSAGE Missing imported package org.eclipse.jetty.server.session_[8.0.0,9.0.0).
!SUBENTRY 2 org.eclipse.equinox.http.jetty 2 0 2014-08-26 11:17:12.906
!MESSAGE Missing imported package org.eclipse.jetty.server.handler_[8.0.0,9.0.0).
!SUBENTRY 2 org.eclipse.equinox.http.jetty 2 0 2014-08-26 11:17:12.907
!MESSAGE Missing imported package org.eclipse.jetty.http_[8.0.0,9.0.0).

!ENTRY org.eclipse.osgi 2 0 2014-08-26 11:17:12.918
!MESSAGE The following is a complete list of bundles which are not resolved, see the prior log entry for the root cause if it exists:
!SUBENTRY 1 org.eclipse.osgi 2 0 2014-08-26 11:17:12.919
!MESSAGE Bundle org.eclipse.equinox.http.jetty_3.0.1.v20121109-203239 [22] was not resolved.
!SUBENTRY 2 org.eclipse.equinox.http.jetty 2 0 2014-08-26 11:17:12.919
!MESSAGE Missing imported package org.eclipse.jetty.http_[8.0.0,9.0.0).
!SUBENTRY 2 org.eclipse.equinox.http.jetty 2 0 2014-08-26 11:17:12.920
!MESSAGE Missing imported package org.eclipse.jetty.io.bio_[8.0.0,9.0.0).
!SUBENTRY 2 org.eclipse.equinox.http.jetty 2 0 2014-08-26 11:17:12.920
!MESSAGE Missing imported package org.eclipse.jetty.io.nio_[8.0.0,9.0.0).
!SUBENTRY 2 org.eclipse.equinox.http.jetty 2 0 2014-08-26 11:17:12.920
!MESSAGE Missing imported package org.eclipse.jetty.server_[8.0.0,9.0.0).
!SUBENTRY 2 org.eclipse.equinox.http.jetty 2 0 2014-08-26 11:17:12.921
!MESSAGE Missing imported package org.eclipse.jetty.server.bio_[8.0.0,9.0.0).
!SUBENTRY 2 org.eclipse.equinox.http.jetty 2 0 2014-08-26 11:17:12.921
!MESSAGE Missing imported package org.eclipse.jetty.server.handler_[8.0.0,9.0.0).
!SUBENTRY 2 org.eclipse.equinox.http.jetty 2 0 2014-08-26 11:17:12.921
!MESSAGE Missing imported package org.eclipse.jetty.server.nio_[8.0.0,9.0.0).
!SUBENTRY 2 org.eclipse.equinox.http.jetty 2 0 2014-08-26 11:17:12.922
!MESSAGE Missing imported package org.eclipse.jetty.server.session_[8.0.0,9.0.0).
!SUBENTRY 2 org.eclipse.equinox.http.jetty 2 0 2014-08-26 11:17:12.922
!MESSAGE Missing imported package org.eclipse.jetty.server.ssl_[8.0.0,9.0.0).
!SUBENTRY 2 org.eclipse.equinox.http.jetty 2 0 2014-08-26 11:17:12.922
!MESSAGE Missing imported package org.eclipse.jetty.servlet_[8.0.0,9.0.0).
!SUBENTRY 2 org.eclipse.equinox.http.jetty 2 0 2014-08-26 11:17:12.922
!MESSAGE Missing imported package org.eclipse.jetty.util_[8.0.0,9.0.0).
!SUBENTRY 2 org.eclipse.equinox.http.jetty 2 0 2014-08-26 11:17:12.923
!MESSAGE Missing imported package org.eclipse.jetty.util.component_[8.0.0,9.0.0).
!SUBENTRY 2 org.eclipse.equinox.http.jetty 2 0 2014-08-26 11:17:12.923
!MESSAGE Missing imported package org.eclipse.jetty.util.log_[8.0.0,9.0.0).
