!SESSION 2014-08-26 11:22:36.773 -----------------------------------------------
eclipse.buildId=unknown
java.version=1.7.0_51
java.vendor=Oracle Corporation
BootLoader constants: OS=macosx, ARCH=x86_64, WS=cocoa, NL=en_US
Command-line arguments:  -dev file:/Users/swrd/Workspaces/workspace_OsgiNeonat/.metadata/.plugins/org.eclipse.pde.core/ch7_web/dev.properties -os macosx -ws cocoa -arch x86_64 -consoleLog -console

!ENTRY org.eclipse.equinox.http.jetty 4 0 2014-08-26 11:22:37.630
!MESSAGE FrameworkEvent ERROR
!STACK 0
org.osgi.framework.BundleException: The bundle "org.eclipse.equinox.http.jetty_3.0.1.v20121109-203239 [22]" could not be resolved. Reason: Missing Constraint: Import-Package: org.eclipse.jetty.servlet; version="[8.0.0,9.0.0)"
	at org.eclipse.osgi.framework.internal.core.AbstractBundle.getResolverError(AbstractBundle.java:1332)
	at org.eclipse.osgi.framework.internal.core.AbstractBundle.getResolutionFailureException(AbstractBundle.java:1316)
	at org.eclipse.osgi.framework.internal.core.BundleHost.startWorker(BundleHost.java:323)
	at org.eclipse.osgi.framework.internal.core.AbstractBundle.resume(AbstractBundle.java:390)
	at org.eclipse.osgi.framework.internal.core.Framework.resumeBundle(Framework.java:1176)
	at org.eclipse.osgi.framework.internal.core.StartLevelManager.resumeBundles(StartLevelManager.java:559)
	at org.eclipse.osgi.framework.internal.core.StartLevelManager.resumeBundles(StartLevelManager.java:544)
	at org.eclipse.osgi.framework.internal.core.StartLevelManager.incFWSL(StartLevelManager.java:457)
	at org.eclipse.osgi.framework.internal.core.StartLevelManager.doSetStartLevel(StartLevelManager.java:243)
	at org.eclipse.osgi.framework.internal.core.StartLevelManager.dispatchEvent(StartLevelManager.java:438)
	at org.eclipse.osgi.framework.internal.core.StartLevelManager.dispatchEvent(StartLevelManager.java:1)
	at org.eclipse.osgi.framework.eventmgr.EventManager.dispatchEvent(EventManager.java:230)
	at org.eclipse.osgi.framework.eventmgr.EventManager$EventThread.run(EventManager.java:340)

!ENTRY org.eclipse.jetty.servlet 4 0 2014-08-26 11:22:37.652
!MESSAGE FrameworkEvent ERROR
!STACK 0
org.osgi.framework.BundleException: The bundle "org.eclipse.jetty.servlet_8.1.3.v20120522 [244]" could not be resolved. Reason: Missing Constraint: Import-Package: org.eclipse.jetty.security; version="[8.1.0,9.0.0)"
	at org.eclipse.osgi.framework.internal.core.AbstractBundle.getResolverError(AbstractBundle.java:1332)
	at org.eclipse.osgi.framework.internal.core.AbstractBundle.getResolutionFailureException(AbstractBundle.java:1316)
	at org.eclipse.osgi.framework.internal.core.BundleHost.startWorker(BundleHost.java:323)
	at org.eclipse.osgi.framework.internal.core.AbstractBundle.resume(AbstractBundle.java:390)
	at org.eclipse.osgi.framework.internal.core.Framework.resumeBundle(Framework.java:1176)
	at org.eclipse.osgi.framework.internal.core.StartLevelManager.resumeBundles(StartLevelManager.java:559)
	at org.eclipse.osgi.framework.internal.core.StartLevelManager.resumeBundles(StartLevelManager.java:544)
	at org.eclipse.osgi.framework.internal.core.StartLevelManager.incFWSL(StartLevelManager.java:457)
	at org.eclipse.osgi.framework.internal.core.StartLevelManager.doSetStartLevel(StartLevelManager.java:243)
	at org.eclipse.osgi.framework.internal.core.StartLevelManager.dispatchEvent(StartLevelManager.java:438)
	at org.eclipse.osgi.framework.internal.core.StartLevelManager.dispatchEvent(StartLevelManager.java:1)
	at org.eclipse.osgi.framework.eventmgr.EventManager.dispatchEvent(EventManager.java:230)
	at org.eclipse.osgi.framework.eventmgr.EventManager$EventThread.run(EventManager.java:340)

!ENTRY org.eclipse.osgi 4 0 2014-08-26 11:22:37.656
!MESSAGE Bundle initial@reference:file:plugins/org.eclipse.equinox.http.jetty_3.0.1.v20121109-203239.jar was not resolved.

!ENTRY org.eclipse.osgi 4 0 2014-08-26 11:22:37.657
!MESSAGE Bundle initial@reference:file:plugins/org.eclipse.jetty.servlet_8.1.3.v20120522.jar was not resolved.

!ENTRY org.eclipse.osgi 2 0 2014-08-26 11:22:37.706
!MESSAGE One or more bundles are not resolved because the following root constraints are not resolved:
!SUBENTRY 1 org.eclipse.osgi 2 0 2014-08-26 11:22:37.707
!MESSAGE Bundle initial@reference:file:plugins/org.eclipse.jetty.servlet_8.1.3.v20120522.jar was not resolved.
!SUBENTRY 2 org.eclipse.jetty.servlet 2 0 2014-08-26 11:22:37.707
!MESSAGE Missing imported package org.eclipse.jetty.security_[8.1.0,9.0.0).

!ENTRY org.eclipse.osgi 2 0 2014-08-26 11:22:37.726
!MESSAGE The following is a complete list of bundles which are not resolved, see the prior log entry for the root cause if it exists:
!SUBENTRY 1 org.eclipse.osgi 2 0 2014-08-26 11:22:37.727
!MESSAGE Bundle org.eclipse.equinox.http.jetty_3.0.1.v20121109-203239 [22] was not resolved.
!SUBENTRY 2 org.eclipse.equinox.http.jetty 2 0 2014-08-26 11:22:37.727
!MESSAGE Missing imported package org.eclipse.jetty.servlet_[8.0.0,9.0.0).
!SUBENTRY 1 org.eclipse.osgi 2 0 2014-08-26 11:22:37.727
!MESSAGE Bundle org.eclipse.jetty.servlet_8.1.3.v20120522 [244] was not resolved.
!SUBENTRY 2 org.eclipse.jetty.servlet 2 0 2014-08-26 11:22:37.728
!MESSAGE Missing optionally imported package org.eclipse.jetty.jmx_8.0.0.
!SUBENTRY 2 org.eclipse.jetty.servlet 2 0 2014-08-26 11:22:37.728
!MESSAGE Missing imported package org.eclipse.jetty.security_[8.1.0,9.0.0).
